<?xml version="1.0" encoding="UTF-8"?>
<testsuite xmlns:xsi="http://www.w3.org/2001/XMLSchema-instance" xsi:noNamespaceSchemaLocation="https://maven.apache.org/surefire/maven-surefire-plugin/xsd/surefire-test-report-3.0.xsd" version="3.0" name="tech.erben.HamcrestListMatchersTest$ElementAssertions" time="0.011" tests="10" errors="0" skipped="0" failures="0">
  <properties>
[...]
</properties>
  <testcase name="shouldContainCorrectElementsInGivenOrder" classname="tech.erben.HamcrestListMatchersTest$ElementAssertions" time="0.001"/>
  <testcase name="shouldContainCorrectElement" classname="tech.erben.HamcrestListMatchersTest$ElementAssertions" time="0.0"/>
  <testcase name="shouldContainCorrectElementsInAnyOrderWithCustomErrorMessage" classname="tech.erben.HamcrestListMatchersTest$ElementAssertions" time="0.001"/>
  <testcase name="shouldContainTwoElementsWithCustomErrorMessage" classname="tech.erben.HamcrestListMatchersTest$ElementAssertions" time="0.004"/>
  <testcase name="shouldContainTwoElements" classname="tech.erben.HamcrestListMatchersTest$ElementAssertions" time="0.0"/>
  <testcase name="shouldContainCorrectElementWithCustomErrorMessage" classname="tech.erben.HamcrestListMatchersTest$ElementAssertions" time="0.0"/>
  <testcase name="shouldContainCorrectElementsInGivenOrderWithCustomErrorMessage" classname="tech.erben.HamcrestListMatchersTest$ElementAssertions" time="0.0"/>
  <testcase name="shouldNotContainIncorrectElementWithCustomErrorMessage" classname="tech.erben.HamcrestListMatchersTest$ElementAssertions" time="0.0"/>
  <testcase name="shouldContainCorrectElementsInAnyOrder" classname="tech.erben.HamcrestListMatchersTest$ElementAssertions" time="0.001"/>
  <testcase name="shouldNotContainIncorrectElement" classname="tech.erben.HamcrestListMatchersTest$ElementAssertions" time="0.0"/>
</testsuite>